#
# There is insufficient memory for the Java Runtime Environment to continue.
# Native memory allocation (malloc) failed to allocate 2097152 bytes. Error detail: AllocateHeap
# Possible reasons:
#   The system is out of physical RAM or swap space
#   This process is running with CompressedOops enabled, and the Java Heap may be blocking the growth of the native heap
# Possible solutions:
#   Reduce memory load on the system
#   Increase physical memory or swap space
#   Check if swap backing store is full
#   Decrease Java heap size (-Xmx/-Xms)
#   Decrease number of Java threads
#   Decrease Java thread stack sizes (-Xss)
#   Set larger code cache with -XX:ReservedCodeCacheSize=
#   JVM is running with Unscaled Compressed Oops mode in which the Java heap is
#     placed in the first 4GB address space. The Java Heap base address is the
#     maximum limit for the native heap growth. Please use -XX:HeapBaseMinAddress
#     to set the Java Heap base and to place the Java Heap above 4GB virtual address.
# This output file may be truncated or incomplete.
#
#  Out of Memory Error (allocation.cpp:44), pid=15296, tid=13992
#
# JRE version: OpenJDK Runtime Environment (22.0.1+8) (build 22.0.1+8-16)
# Java VM: OpenJDK 64-Bit Server VM (22.0.1+8-16, mixed mode, emulated-client, sharing, tiered, compressed oops, compressed class ptrs, g1 gc, windows-amd64)
# No core dump will be written. Minidumps are not enabled by default on client versions of Windows
#

---------------  S U M M A R Y ------------

Command Line: -XX:TieredStopAtLevel=1 -Dspring.output.ansi.enabled=always -Dcom.sun.management.jmxremote -Dspring.jmx.enabled=true -Dspring.liveBeansView.mbeanDomain -Dspring.application.admin.enabled=true -Dmanagement.endpoints.jmx.exposure.include=* -javaagent:C:\Program Files\JetBrains\IntelliJ IDEA 2025.2.5\lib\idea_rt.jar=53994 -Dfile.encoding=UTF-8 -Dsun.stdout.encoding=UTF-8 -Dsun.stderr.encoding=UTF-8 com.backendlld.productservice.ProductServiceApplication

Host: AMD Ryzen 5 4600H with Radeon Graphics         , 12 cores, 7G,  Windows 11 , 64 bit Build 26100 (10.0.26100.7019)
Time: Fri Nov 28 20:24:27 2025 India Standard Time elapsed time: 16.661129 seconds (0d 0h 0m 16s)

---------------  T H R E A D  ---------------

Current thread (0x00000167a8069960):  VMThread "VM Thread"          [id=13992, stack(0x0000006323600000,0x0000006323700000) (1024K)]

Stack: [0x0000006323600000,0x0000006323700000]
Native frames: (J=compiled Java code, j=interpreted, Vv=VM code, C=native code)
V  [jvm.dll+0x6e2279]  (no source info available)
V  [jvm.dll+0x874e33]  (no source info available)
V  [jvm.dll+0x87725e]  (no source info available)
V  [jvm.dll+0x877933]  (no source info available)
V  [jvm.dll+0x27fd76]  (no source info available)
V  [jvm.dll+0xbe877]  (no source info available)
V  [jvm.dll+0x348ea3]  (no source info available)
V  [jvm.dll+0x3437ae]  (no source info available)
V  [jvm.dll+0x32bfcc]  (no source info available)
V  [jvm.dll+0x3701e4]  (no source info available)
V  [jvm.dll+0x87d7d0]  (no source info available)
V  [jvm.dll+0x87eb57]  (no source info available)
V  [jvm.dll+0x87f0d0]  (no source info available)
V  [jvm.dll+0x87f373]  (no source info available)
V  [jvm.dll+0x81d44b]  (no source info available)
V  [jvm.dll+0x6e0915]  (no source info available)
C  [ucrtbase.dll+0x37b0]  (no source info available)
C  [KERNEL32.DLL+0x2e8d7]  (no source info available)
C  [ntdll.dll+0x8c53c]  (no source info available)

VM_Operation (0x0000006323ffefd0): G1CollectFull, mode: safepoint, requested by thread 0x00000167ee028f20


---------------  P R O C E S S  ---------------

Threads class SMR info:
_java_thread_list=0x00000167ef69bcd0, length=17, elements={
0x00000167a8088980, 0x00000167a80893e0, 0x00000167a808c410, 0x00000167a8091680,
0x00000167a8092720, 0x00000167a808f8f0, 0x00000167a8090630, 0x00000167a8055270,
0x00000167a85112c0, 0x00000167a8511930, 0x00000167ee2498e0, 0x00000167ee2d9b50,
0x00000167ee2ce080, 0x00000167ee30f350, 0x00000167ef817a00, 0x00000167ef818090,
0x00000167ee028f20
}

Java Threads: ( => current thread )
  0x00000167a8088980 JavaThread "Reference Handler"          daemon [_thread_blocked, id=12728, stack(0x0000006323700000,0x0000006323800000) (1024K)]
  0x00000167a80893e0 JavaThread "Finalizer"                  daemon [_thread_blocked, id=6152, stack(0x0000006323800000,0x0000006323900000) (1024K)]
  0x00000167a808c410 JavaThread "Signal Dispatcher"          daemon [_thread_blocked, id=9996, stack(0x0000006323900000,0x0000006323a00000) (1024K)]
  0x00000167a8091680 JavaThread "Attach Listener"            daemon [_thread_blocked, id=20576, stack(0x0000006323a00000,0x0000006323b00000) (1024K)]
  0x00000167a8092720 JavaThread "Service Thread"             daemon [_thread_blocked, id=17904, stack(0x0000006323b00000,0x0000006323c00000) (1024K)]
  0x00000167a808f8f0 JavaThread "Monitor Deflation Thread"   daemon [_thread_blocked, id=12664, stack(0x0000006323c00000,0x0000006323d00000) (1024K)]
  0x00000167a8090630 JavaThread "C1 CompilerThread0"         daemon [_thread_blocked, id=20548, stack(0x0000006323d00000,0x0000006323e00000) (1024K)]
  0x00000167a8055270 JavaThread "Common-Cleaner"             daemon [_thread_blocked, id=13308, stack(0x0000006323e00000,0x0000006323f00000) (1024K)]
  0x00000167a85112c0 JavaThread "Monitor Ctrl-Break"         daemon [_thread_in_native, id=16316, stack(0x0000006324000000,0x0000006324100000) (1024K)]
  0x00000167a8511930 JavaThread "Notification Thread"        daemon [_thread_blocked, id=6020, stack(0x0000006324100000,0x0000006324200000) (1024K)]
  0x00000167ee2498e0 JavaThread "RMI TCP Accept-0"           daemon [_thread_in_native, id=6336, stack(0x0000006324400000,0x0000006324500000) (1024K)]
  0x00000167ee2d9b50 JavaThread "RMI TCP Connection(1)-192.168.222.1" daemon [_thread_in_native, id=18140, stack(0x0000006324500000,0x0000006324600000) (1024K)]
  0x00000167ee2ce080 JavaThread "RMI Scheduler(0)"           daemon [_thread_blocked, id=14596, stack(0x0000006324600000,0x0000006324700000) (1024K)]
  0x00000167ee30f350 JavaThread "JMX server connection timeout 26" daemon [_thread_blocked, id=18500, stack(0x0000006324700000,0x0000006324800000) (1024K)]
  0x00000167ef817a00 JavaThread "DestroyJavaVM"                     [_thread_blocked, id=18908, stack(0x0000006322f00000,0x0000006323000000) (1024K)]
  0x00000167ef818090 JavaThread "RMI TCP Connection(2)-192.168.222.1" daemon [_thread_blocked, id=20732, stack(0x0000006325100000,0x0000006325200000) (1024K)]
  0x00000167ee028f20 JavaThread "Thread-1"                          [_thread_blocked, id=18828, stack(0x0000006323f00000,0x0000006324000000) (1024K)]
Total: 17

Other Threads:
=>0x00000167a8069960 VMThread "VM Thread"                           [id=13992, stack(0x0000006323600000,0x0000006323700000) (1024K)]
  0x00000167a8053270 WatcherThread "VM Periodic Task Thread"        [id=18676, stack(0x0000006323500000,0x0000006323600000) (1024K)]
  0x0000016797934e00 WorkerThread "GC Thread#0"                     [id=11048, stack(0x0000006323000000,0x0000006323100000) (1024K)]
  0x00000167ee6ca4b0 WorkerThread "GC Thread#1"                     [id=16328, stack(0x0000006324800000,0x0000006324900000) (1024K)]
  0x00000167ee6df260 WorkerThread "GC Thread#2"                     [id=8372, stack(0x0000006324900000,0x0000006324a00000) (1024K)]
  0x00000167ee6ddcb0 WorkerThread "GC Thread#3"                     [id=12372, stack(0x0000006324a00000,0x0000006324b00000) (1024K)]
  0x00000167ee794570 WorkerThread "GC Thread#4"                     [id=5412, stack(0x0000006324b00000,0x0000006324c00000) (1024K)]
  0x00000167ee794920 WorkerThread "GC Thread#5"                     [id=1652, stack(0x0000006324c00000,0x0000006324d00000) (1024K)]
  0x00000167ee710ca0 WorkerThread "GC Thread#6"                     [id=6684, stack(0x0000006324d00000,0x0000006324e00000) (1024K)]
  0x00000167ee712310 WorkerThread "GC Thread#7"                     [id=18320, stack(0x0000006324e00000,0x0000006324f00000) (1024K)]
  0x00000167ee711450 WorkerThread "GC Thread#8"                     [id=4276, stack(0x0000006324f00000,0x0000006325000000) (1024K)]
  0x00000167ee711bb0 WorkerThread "GC Thread#9"                     [id=16728, stack(0x0000006325000000,0x0000006325100000) (1024K)]
  0x0000016797946c30 ConcurrentGCThread "G1 Main Marker"            [id=11824, stack(0x0000006323100000,0x0000006323200000) (1024K)]
  0x0000016797947e60 WorkerThread "G1 Conc#0"                       [id=9356, stack(0x0000006323200000,0x0000006323300000) (1024K)]
  0x00000167ee712a70 WorkerThread "G1 Conc#1"                       [id=8560, stack(0x0000006325300000,0x0000006325400000) (1024K)]
  0x00000167ee711800 WorkerThread "G1 Conc#2"                       [id=9560, stack(0x0000006325400000,0x0000006325500000) (1024K)]
  0x00000167a7f20970 ConcurrentGCThread "G1 Refine#0"               [id=14660, stack(0x0000006323300000,0x0000006323400000) (1024K)]
  0x00000167a7f21300 ConcurrentGCThread "G1 Service"                [id=17836, stack(0x0000006323400000,0x0000006323500000) (1024K)]
Total: 18

Threads with active compile tasks:
C1 CompilerThread0  16770 4268       1       org.apache.catalina.util.LifecycleBase::fireLifecycleEvent (56 bytes)
Total: 1

VM state: at safepoint (normal execution)

VM Mutex/Monitor currently owned by a thread:  ([mutex/lock_event])
[0x00007ffef04bbbb8] Threads_lock - owner thread: 0x00000167a8069960
[0x00007ffef04bbcb8] Heap_lock - owner thread: 0x00000167ee028f20

Heap address: 0x000000008a000000, size: 1888 MB, Compressed Oops mode: 32-bit

CDS archive(s) mapped at: [0x00000167a9000000-0x00000167a9c50000-0x00000167a9c50000), size 12910592, SharedBaseAddress: 0x00000167a9000000, ArchiveRelocationMode: 1.
Compressed class space mapped at: 0x00000167aa000000-0x00000167ea000000, reserved size: 1073741824
Narrow klass base: 0x00000167a9000000, Narrow klass shift: 0, Narrow klass range: 0x41000000

GC Precious Log:
 CardTable entry size: 512
 Card Set container configuration: InlinePtr #cards 5 size 8 Array Of Cards #cards 12 size 40 Howl #buckets 4 coarsen threshold 1843 Howl Bitmap #cards 512 size 80 coarsen threshold 460 Card regions per heap region 1 cards per card region 2048
 CPUs: 12 total, 12 available
 Memory: 7549M
 Large Page Support: Disabled
 NUMA Support: Disabled
 Compressed Oops: Enabled (32-bit)
 Heap Region Size: 1M
 Heap Min Capacity: 8M
 Heap Initial Capacity: 118M
 Heap Max Capacity: 1888M
 Pre-touch: Disabled
 Parallel Workers: 10
 Concurrent Workers: 3
 Concurrent Refinement Workers: 10
 Periodic GC: Disabled

Heap:
 garbage-first heap   total reserved 1933312K, committed 46080K, used 18294K [0x000000008a000000, 0x0000000100000000)
  region size 1024K, 4 young (4096K), 2 survivors (2048K)
 Metaspace       used 31133K, committed 31808K, reserved 1114112K
  class space    used 4366K, committed 4672K, reserved 1048576K

Heap Regions: E=young(eden), S=young(survivor), O=old, HS=humongous(starts), HC=humongous(continues), CS=collection set, F=free, TAMS=top-at-mark-start, PB=parsable bottom
|   0|0x000000008a000000, 0x000000008a100000, 0x000000008a100000|100%| O|  |TAMS 0x000000008a000000| PB 0x000000008a000000| Untracked |  0
|   1|0x000000008a100000, 0x000000008a200000, 0x000000008a200000|100%| O|  |TAMS 0x000000008a100000| PB 0x000000008a100000| Untracked |  0
|   2|0x000000008a200000, 0x000000008a300000, 0x000000008a300000|100%| O|  |TAMS 0x000000008a200000| PB 0x000000008a200000| Untracked |  0
|   3|0x000000008a300000, 0x000000008a400000, 0x000000008a400000|100%| O|  |TAMS 0x000000008a300000| PB 0x000000008a300000| Untracked |  0
|   4|0x000000008a400000, 0x000000008a500000, 0x000000008a500000|100%| O|  |TAMS 0x000000008a400000| PB 0x000000008a400000| Untracked |  0
|   5|0x000000008a500000, 0x000000008a600000, 0x000000008a600000|100%| O|  |TAMS 0x000000008a500000| PB 0x000000008a500000| Untracked |  0
|   6|0x000000008a600000, 0x000000008a700000, 0x000000008a700000|100%| O|  |TAMS 0x000000008a600000| PB 0x000000008a600000| Untracked |  0
|   7|0x000000008a700000, 0x000000008a800000, 0x000000008a800000|100%| O|  |TAMS 0x000000008a700000| PB 0x000000008a700000| Untracked |  0
|   8|0x000000008a800000, 0x000000008a900000, 0x000000008a900000|100%| O|  |TAMS 0x000000008a800000| PB 0x000000008a800000| Untracked |  0
|   9|0x000000008a900000, 0x000000008aa00000, 0x000000008aa00000|100%| O|  |TAMS 0x000000008a900000| PB 0x000000008a900000| Untracked |  0
|  10|0x000000008aa00000, 0x000000008ab00000, 0x000000008ab00000|100%| O|  |TAMS 0x000000008aa00000| PB 0x000000008aa00000| Untracked |  0
|  11|0x000000008ab00000, 0x000000008ac00000, 0x000000008ac00000|100%| O|  |TAMS 0x000000008ab00000| PB 0x000000008ab00000| Untracked |  0
|  12|0x000000008ac00000, 0x000000008ad00000, 0x000000008ad00000|100%| O|  |TAMS 0x000000008ac00000| PB 0x000000008ac00000| Untracked |  0
|  13|0x000000008ad00000, 0x000000008ae00000, 0x000000008ae00000|100%| O|  |TAMS 0x000000008ad00000| PB 0x000000008ad00000| Untracked |  0
|  14|0x000000008ae00000, 0x000000008ae00000, 0x000000008af00000|  0%| F|  |TAMS 0x000000008ae00000| PB 0x000000008ae00000| Untracked |  0
|  15|0x000000008af00000, 0x000000008af00000, 0x000000008b000000|  0%| F|  |TAMS 0x000000008af00000| PB 0x000000008af00000| Untracked |  0
|  16|0x000000008b000000, 0x000000008b100000, 0x000000008b100000|100%| O|  |TAMS 0x000000008b000000| PB 0x000000008b000000| Untracked |  0
|  17|0x000000008b100000, 0x000000008b174670, 0x000000008b200000| 45%| O|  |TAMS 0x000000008b100000| PB 0x000000008b100000| Untracked |  0
|  18|0x000000008b200000, 0x000000008b200000, 0x000000008b300000|  0%| F|  |TAMS 0x000000008b200000| PB 0x000000008b200000| Untracked |  0
|  19|0x000000008b300000, 0x000000008b300000, 0x000000008b400000|  0%| F|  |TAMS 0x000000008b300000| PB 0x000000008b300000| Untracked |  0
|  20|0x000000008b400000, 0x000000008b400000, 0x000000008b500000|  0%| F|  |TAMS 0x000000008b400000| PB 0x000000008b400000| Untracked |  0
|  21|0x000000008b500000, 0x000000008b569390, 0x000000008b600000| 41%| S|CS|TAMS 0x000000008b500000| PB 0x000000008b500000| Complete |  0
|  22|0x000000008b600000, 0x000000008b700000, 0x000000008b700000|100%| S|CS|TAMS 0x000000008b600000| PB 0x000000008b600000| Complete |  0
|  23|0x000000008b700000, 0x000000008b700000, 0x000000008b800000|  0%| F|  |TAMS 0x000000008b700000| PB 0x000000008b700000| Untracked |  0
|  24|0x000000008b800000, 0x000000008b800000, 0x000000008b900000|  0%| F|  |TAMS 0x000000008b800000| PB 0x000000008b800000| Untracked |  0
|  25|0x000000008b900000, 0x000000008b900000, 0x000000008ba00000|  0%| F|  |TAMS 0x000000008b900000| PB 0x000000008b900000| Untracked |  0
|  26|0x000000008ba00000, 0x000000008ba00000, 0x000000008bb00000|  0%| F|  |TAMS 0x000000008ba00000| PB 0x000000008ba00000| Untracked |  0
|  27|0x000000008bb00000, 0x000000008bb00000, 0x000000008bc00000|  0%| F|  |TAMS 0x000000008bb00000| PB 0x000000008bb00000| Untracked |  0
|  28|0x000000008bc00000, 0x000000008bc00000, 0x000000008bd00000|  0%| F|  |TAMS 0x000000008bc00000| PB 0x000000008bc00000| Untracked |  0
|  29|0x000000008bd00000, 0x000000008bd00000, 0x000000008be00000|  0%| F|  |TAMS 0x000000008bd00000| PB 0x000000008bd00000| Untracked |  0
|  30|0x000000008be00000, 0x000000008be00000, 0x000000008bf00000|  0%| F|  |TAMS 0x000000008be00000| PB 0x000000008be00000| Untracked |  0
|  31|0x000000008bf00000, 0x000000008bf00000, 0x000000008c000000|  0%| F|  |TAMS 0x000000008bf00000| PB 0x000000008bf00000| Untracked |  0
|  32|0x000000008c000000, 0x000000008c000000, 0x000000008c100000|  0%| F|  |TAMS 0x000000008c000000| PB 0x000000008c000000| Untracked |  0
|  33|0x000000008c100000, 0x000000008c100000, 0x000000008c200000|  0%| F|  |TAMS 0x000000008c100000| PB 0x000000008c100000| Untracked |  0
|  34|0x000000008c200000, 0x000000008c200000, 0x000000008c300000|  0%| F|  |TAMS 0x000000008c200000| PB 0x000000008c200000| Untracked |  0
|  35|0x000000008c300000, 0x000000008c300000, 0x000000008c400000|  0%| F|  |TAMS 0x000000008c300000| PB 0x000000008c300000| Untracked |  0
|  36|0x000000008c400000, 0x000000008c400000, 0x000000008c500000|  0%| F|  |TAMS 0x000000008c400000| PB 0x000000008c400000| Untracked |  0
|  37|0x000000008c500000, 0x000000008c500000, 0x000000008c600000|  0%| F|  |TAMS 0x000000008c500000| PB 0x000000008c500000| Untracked |  0
|  38|0x000000008c600000, 0x000000008c600000, 0x000000008c700000|  0%| F|  |TAMS 0x000000008c600000| PB 0x000000008c600000| Untracked |  0
|  81|0x000000008f100000, 0x000000008f100000, 0x000000008f200000|  0%| F|  |TAMS 0x000000008f100000| PB 0x000000008f100000| Untracked |  0
|  85|0x000000008f500000, 0x000000008f500000, 0x000000008f600000|  0%| F|  |TAMS 0x000000008f500000| PB 0x000000008f500000| Untracked |  0
|  86|0x000000008f600000, 0x000000008f600000, 0x000000008f700000|  0%| F|  |TAMS 0x000000008f600000| PB 0x000000008f600000| Untracked |  0
|  87|0x000000008f700000, 0x000000008f700000, 0x000000008f800000|  0%| F|  |TAMS 0x000000008f700000| PB 0x000000008f700000| Untracked |  0
|  88|0x000000008f800000, 0x000000008f834230, 0x000000008f900000| 20%| E|  |TAMS 0x000000008f800000| PB 0x000000008f800000| Complete |  0
| 117|0x0000000091500000, 0x0000000091600000, 0x0000000091600000|100%| E|CS|TAMS 0x0000000091500000| PB 0x0000000091500000| Complete |  0

Card table byte_map: [0x00000167a3300000,0x00000167a36b0000] _byte_map_base: 0x00000167a2eb0000

Marking Bits: (CMBitMap*) 0x0000016797935420
 Bits: [0x00000167a36b0000, 0x00000167a5430000)

Polling page: 0x0000016795850000

Metaspace:

Usage:
  Non-class:     26.14 MB used.
      Class:      4.26 MB used.
       Both:     30.40 MB used.

Virtual space:
  Non-class space:       64.00 MB reserved,      26.50 MB ( 41%) committed,  1 nodes.
      Class space:        1.00 GB reserved,       4.56 MB ( <1%) committed,  1 nodes.
             Both:        1.06 GB reserved,      31.06 MB (  3%) committed. 

Chunk freelists:
   Non-Class:  5.41 MB
       Class:  11.48 MB
        Both:  16.89 MB

MaxMetaspaceSize: unlimited
CompressedClassSpaceSize: 1.00 GB
Initial GC threshold: 21.00 MB
Current GC threshold: 35.12 MB
CDS: on
 - commit_granule_bytes: 65536.
 - commit_granule_words: 8192.
 - virtual_space_node_default_size: 8388608.
 - enlarge_chunks_in_place: 1.
 - use_allocation_guard: 0.


Internal statistics:

num_allocs_failed_limit: 3.
num_arena_births: 878.
num_arena_deaths: 0.
num_vsnodes_births: 2.
num_vsnodes_deaths: 0.
num_space_committed: 497.
num_space_uncommitted: 0.
num_chunks_returned_to_freelist: 3.
num_chunks_taken_from_freelist: 1988.
num_chunk_merges: 3.
num_chunk_splits: 1323.
num_chunks_enlarged: 924.
num_inconsistent_stats: 0.

CodeCache: size=49152Kb used=7836Kb max_used=9377Kb free=41315Kb
 bounds [0x000001679fc20000, 0x00000167a0550000, 0x00000167a2c20000]
 total_blobs=4829 nmethods=4267 adapters=486
 compilation: enabled
              stopped_count=0, restarted_count=0
 full_count=0

Compilation events (20 events):
Event: 15.617 Thread 0x00000167a8090630 nmethod 4255 0x000001679fdd4b10 code [0x000001679fdd4ce0, 0x000001679fdd5120]
Event: 15.617 Thread 0x00000167a8090630 4256   !   1       java.io.WinNTFileSystem::resolve (385 bytes)
Event: 15.618 Thread 0x00000167a8090630 nmethod 4256 0x000001679fdd2710 code [0x000001679fdd2b80, 0x000001679fdd3e28]
Event: 15.618 Thread 0x00000167a8090630 4257       1       java.lang.invoke.BoundMethodHandle$Species_LLL::<init> (24 bytes)
Event: 15.619 Thread 0x00000167a8090630 nmethod 4257 0x000001679fdd2290 code [0x000001679fdd2440, 0x000001679fdd2670]
Event: 15.640 Thread 0x00000167a8090630 4261       1       org.apache.tomcat.util.net.AbstractEndpoint::isPaused (5 bytes)
Event: 15.640 Thread 0x00000167a8090630 nmethod 4261 0x000001679fdd1690 code [0x000001679fdd1820, 0x000001679fdd18f0]
Event: 15.644 Thread 0x00000167a8090630 4262   !   1       java.util.concurrent.ConcurrentHashMap::clear (176 bytes)
Event: 15.645 Thread 0x00000167a8090630 nmethod 4262 0x000001679fdd0a90 code [0x000001679fdd0c80, 0x000001679fdd12b0]
Event: 15.645 Thread 0x00000167a8090630 4263       1       java.util.LinkedHashMap::afterNodeRemoval (65 bytes)
Event: 15.645 Thread 0x00000167a8090630 nmethod 4263 0x000001679fdd0490 code [0x000001679fdd0640, 0x000001679fdd0970]
Event: 15.646 Thread 0x00000167a8090630 4264       1       java.util.EventObject::<init> (24 bytes)
Event: 15.646 Thread 0x00000167a8090630 nmethod 4264 0x000001679fdd0090 code [0x000001679fdd0240, 0x000001679fdd0408]
Event: 15.653 Thread 0x00000167a8090630 4265       1       java.lang.invoke.MethodHandles$Lookup::lookupModes (8 bytes)
Event: 15.653 Thread 0x00000167a8090630 nmethod 4265 0x000001679fdcfd90 code [0x000001679fdcff20, 0x000001679fdcfff0]
Event: 15.653 Thread 0x00000167a8090630 4266       1       java.lang.invoke.BoundMethodHandle$Species_LLL::make (14 bytes)
Event: 15.653 Thread 0x00000167a8090630 nmethod 4266 0x000001679fdcf890 code [0x000001679fdcfa40, 0x000001679fdcfcb8]
Event: 15.654 Thread 0x00000167a8090630 4267       1       org.apache.juli.logging.DirectJDKLog::isDebugEnabled (11 bytes)
Event: 15.654 Thread 0x00000167a8090630 nmethod 4267 0x000001679fdcf510 code [0x000001679fdcf6a0, 0x000001679fdcf7b0]
Event: 15.654 Thread 0x00000167a8090630 4268       1       org.apache.catalina.util.LifecycleBase::fireLifecycleEvent (56 bytes)

GC Heap History (15 events):
Event: 0.933 GC heap before
{Heap before GC invocations=0 (full 0):
 garbage-first heap   total reserved 1933312K, committed 120832K, used 24576K [0x000000008a000000, 0x0000000100000000)
  region size 1024K, 24 young (24576K), 0 survivors (0K)
 Metaspace       used 8156K, committed 8448K, reserved 1114112K
  class space    used 1039K, committed 1152K, reserved 1048576K
}
Event: 0.944 GC heap after
{Heap after GC invocations=1 (full 0):
 garbage-first heap   total reserved 1933312K, committed 120832K, used 5360K [0x000000008a000000, 0x0000000100000000)
  region size 1024K, 3 young (3072K), 3 survivors (3072K)
 Metaspace       used 8156K, committed 8448K, reserved 1114112K
  class space    used 1039K, committed 1152K, reserved 1048576K
}
Event: 1.623 GC heap before
{Heap before GC invocations=1 (full 0):
 garbage-first heap   total reserved 1933312K, committed 120832K, used 35056K [0x000000008a000000, 0x0000000100000000)
  region size 1024K, 33 young (33792K), 3 survivors (3072K)
 Metaspace       used 14959K, committed 15424K, reserved 1114112K
  class space    used 2049K, committed 2240K, reserved 1048576K
}
Event: 1.627 GC heap after
{Heap after GC invocations=2 (full 0):
 garbage-first heap   total reserved 1933312K, committed 120832K, used 8189K [0x000000008a000000, 0x0000000100000000)
  region size 1024K, 3 young (3072K), 3 survivors (3072K)
 Metaspace       used 14959K, committed 15424K, reserved 1114112K
  class space    used 2049K, committed 2240K, reserved 1048576K
}
Event: 1.896 GC heap before
{Heap before GC invocations=2 (full 0):
 garbage-first heap   total reserved 1933312K, committed 120832K, used 36861K [0x000000008a000000, 0x0000000100000000)
  region size 1024K, 32 young (32768K), 3 survivors (3072K)
 Metaspace       used 21037K, committed 21504K, reserved 1114112K
  class space    used 2874K, committed 3072K, reserved 1048576K
}
Event: 1.901 GC heap after
{Heap after GC invocations=3 (full 0):
 garbage-first heap   total reserved 1933312K, committed 120832K, used 10488K [0x000000008a000000, 0x0000000100000000)
  region size 1024K, 5 young (5120K), 5 survivors (5120K)
 Metaspace       used 21037K, committed 21504K, reserved 1114112K
  class space    used 2874K, committed 3072K, reserved 1048576K
}
Event: 2.169 GC heap before
{Heap before GC invocations=4 (full 0):
 garbage-first heap   total reserved 1933312K, committed 37888K, used 27896K [0x000000008a000000, 0x0000000100000000)
  region size 1024K, 22 young (22528K), 5 survivors (5120K)
 Metaspace       used 22294K, committed 22784K, reserved 1114112K
  class space    used 3078K, committed 3264K, reserved 1048576K
}
Event: 2.173 GC heap after
{Heap after GC invocations=5 (full 0):
 garbage-first heap   total reserved 1933312K, committed 37888K, used 11668K [0x000000008a000000, 0x0000000100000000)
  region size 1024K, 2 young (2048K), 2 survivors (2048K)
 Metaspace       used 22294K, committed 22784K, reserved 1114112K
  class space    used 3078K, committed 3264K, reserved 1048576K
}
Event: 2.484 GC heap before
{Heap before GC invocations=5 (full 0):
 garbage-first heap   total reserved 1933312K, committed 37888K, used 29076K [0x000000008a000000, 0x0000000100000000)
  region size 1024K, 20 young (20480K), 2 survivors (2048K)
 Metaspace       used 25558K, committed 26176K, reserved 1114112K
  class space    used 3586K, committed 3840K, reserved 1048576K
}
Event: 2.487 GC heap after
{Heap after GC invocations=6 (full 0):
 garbage-first heap   total reserved 1933312K, committed 37888K, used 13801K [0x000000008a000000, 0x0000000100000000)
  region size 1024K, 3 young (3072K), 3 survivors (3072K)
 Metaspace       used 25558K, committed 26176K, reserved 1114112K
  class space    used 3586K, committed 3840K, reserved 1048576K
}
Event: 2.777 GC heap before
{Heap before GC invocations=6 (full 0):
 garbage-first heap   total reserved 1933312K, committed 37888K, used 30185K [0x000000008a000000, 0x0000000100000000)
  region size 1024K, 20 young (20480K), 3 survivors (3072K)
 Metaspace       used 28478K, committed 29056K, reserved 1114112K
  class space    used 3970K, committed 4224K, reserved 1048576K
}
Event: 2.781 GC heap after
{Heap after GC invocations=7 (full 0):
 garbage-first heap   total reserved 1933312K, committed 37888K, used 15903K [0x000000008a000000, 0x0000000100000000)
  region size 1024K, 3 young (3072K), 3 survivors (3072K)
 Metaspace       used 28478K, committed 29056K, reserved 1114112K
  class space    used 3970K, committed 4224K, reserved 1048576K
}
Event: 9.672 GC heap before
{Heap before GC invocations=7 (full 0):
 garbage-first heap   total reserved 1933312K, committed 37888K, used 30239K [0x000000008a000000, 0x0000000100000000)
  region size 1024K, 17 young (17408K), 3 survivors (3072K)
 Metaspace       used 31022K, committed 31744K, reserved 1114112K
  class space    used 4344K, committed 4672K, reserved 1048576K
}
Event: 9.676 GC heap after
{Heap after GC invocations=8 (full 0):
 garbage-first heap   total reserved 1933312K, committed 46080K, used 17270K [0x000000008a000000, 0x0000000100000000)
  region size 1024K, 2 young (2048K), 2 survivors (2048K)
 Metaspace       used 31022K, committed 31744K, reserved 1114112K
  class space    used 4344K, committed 4672K, reserved 1048576K
}
Event: 15.655 GC heap before
{Heap before GC invocations=8 (full 0):
 garbage-first heap   total reserved 1933312K, committed 46080K, used 18294K [0x000000008a000000, 0x0000000100000000)
  region size 1024K, 4 young (4096K), 2 survivors (2048K)
 Metaspace       used 31133K, committed 31808K, reserved 1114112K
  class space    used 4366K, committed 4672K, reserved 1048576K
}

Dll operation events (12 events):
Event: 0.019 Loaded shared library C:\Users\kaush\.jdks\openjdk-22.0.1\bin\java.dll
Event: 0.114 Loaded shared library C:\Users\kaush\.jdks\openjdk-22.0.1\bin\zip.dll
Event: 0.119 Loaded shared library C:\Users\kaush\.jdks\openjdk-22.0.1\bin\instrument.dll
Event: 0.125 Loaded shared library C:\Users\kaush\.jdks\openjdk-22.0.1\bin\net.dll
Event: 0.129 Loaded shared library C:\Users\kaush\.jdks\openjdk-22.0.1\bin\nio.dll
Event: 0.134 Loaded shared library C:\Users\kaush\.jdks\openjdk-22.0.1\bin\zip.dll
Event: 0.238 Loaded shared library C:\Users\kaush\.jdks\openjdk-22.0.1\bin\extnet.dll
Event: 0.251 Loaded shared library C:\Users\kaush\.jdks\openjdk-22.0.1\bin\jimage.dll
Event: 0.276 Loaded shared library C:\Users\kaush\.jdks\openjdk-22.0.1\bin\management.dll
Event: 0.289 Loaded shared library C:\Users\kaush\.jdks\openjdk-22.0.1\bin\management_ext.dll
Event: 1.439 Loaded shared library C:\Users\kaush\.jdks\openjdk-22.0.1\bin\le.dll
Event: 1.809 Loaded shared library C:\Users\kaush\.jdks\openjdk-22.0.1\bin\sunmscapi.dll

Deoptimization events (0 events):
No events

Classes loaded (20 events):
Event: 3.015 Loading class com/sun/beans/util/Cache$Kind$3
Event: 3.015 Loading class com/sun/beans/util/Cache$Kind$3 done
Event: 3.015 Loading class com/sun/beans/util/Cache$CacheEntry
Event: 3.015 Loading class com/sun/beans/util/Cache$CacheEntry done
Event: 3.288 Loading class javax/management/remote/rmi/RMIConnectionImpl$6
Event: 3.288 Loading class javax/management/remote/rmi/RMIConnectionImpl$6 done
Event: 3.288 Loading class javax/management/remote/rmi/RMIConnectionImpl$7
Event: 3.288 Loading class javax/management/remote/rmi/RMIConnectionImpl$7 done
Event: 3.288 Loading class com/sun/jmx/remote/util/OrderClassLoaders
Event: 3.288 Loading class com/sun/jmx/remote/util/OrderClassLoaders done
Event: 3.288 Loading class javax/management/remote/rmi/RMIConnectionImpl$SetCcl
Event: 3.288 Loading class javax/management/remote/rmi/RMIConnectionImpl$SetCcl done
Event: 3.288 Loading class java/rmi/MarshalledObject$MarshalledObjectInputStream
Event: 3.288 Loading class java/rmi/MarshalledObject$MarshalledObjectInputStream done
Event: 15.624 Loading class java/util/concurrent/locks/AbstractQueuedSynchronizer$SharedNode
Event: 15.624 Loading class java/util/concurrent/locks/AbstractQueuedSynchronizer$SharedNode done
Event: 15.652 Loading class java/util/WeakHashMap$KeyIterator
Event: 15.652 Loading class java/util/WeakHashMap$HashIterator
Event: 15.652 Loading class java/util/WeakHashMap$HashIterator done
Event: 15.652 Loading class java/util/WeakHashMap$KeyIterator done

Classes unloaded (0 events):
No events

Classes redefined (0 events):
No events

Internal exceptions (20 events):
Event: 2.460 Thread 0x00000167ee8416c0 Exception <a 'java/lang/NoSuchMethodError'{0x000000008b4c4568}: 'java.lang.Object java.lang.invoke.DirectMethodHandle$Holder.invokeVirtual(java.lang.Object, java.lang.Object, java.lang.Object, java.lang.Object, java.lang.Object)'> (0x000000008b4c4568) 
thrown [s\open\src\hotspot\share\interpreter\linkResolver.cpp, line 774]
Event: 2.564 Thread 0x00000167ee8416c0 Exception <a 'java/lang/NoSuchMethodError'{0x000000008f163268}: 'int java.lang.invoke.DirectMethodHandle$Holder.invokeVirtual(java.lang.Object, java.lang.Object, java.lang.Object, java.lang.Object)'> (0x000000008f163268) 
thrown [s\open\src\hotspot\share\interpreter\linkResolver.cpp, line 774]
Event: 2.564 Thread 0x00000167ee8416c0 Exception <a 'java/lang/NoSuchMethodError'{0x000000008f166b28}: 'int java.lang.invoke.DelegatingMethodHandle$Holder.reinvoke_L(java.lang.Object, java.lang.Object, java.lang.Object, java.lang.Object)'> (0x000000008f166b28) 
thrown [s\open\src\hotspot\share\interpreter\linkResolver.cpp, line 774]
Event: 2.584 Thread 0x00000167ee8416c0 Exception <a 'java/io/FileNotFoundException'{0x000000008be64748}> (0x000000008be64748) 
thrown [s\open\src\hotspot\share\prims\jni.cpp, line 520]
Event: 2.615 Thread 0x00000167ee8416c0 Exception <a 'java/lang/NoSuchMethodError'{0x000000008bde7c10}: 'int java.lang.invoke.DirectMethodHandle$Holder.invokeInterface(java.lang.Object, java.lang.Object, java.lang.Object, java.lang.Object)'> (0x000000008bde7c10) 
thrown [s\open\src\hotspot\share\interpreter\linkResolver.cpp, line 774]
Event: 2.649 Thread 0x00000167ee8416c0 Exception <a 'java/io/FileNotFoundException'{0x000000008bbe7308}> (0x000000008bbe7308) 
thrown [s\open\src\hotspot\share\prims\jni.cpp, line 520]
Event: 2.667 Thread 0x00000167ee8416c0 Exception <a 'java/lang/NoSuchMethodError'{0x000000008badc878}: 'void java.lang.invoke.DirectMethodHandle$Holder.invokeVirtual(java.lang.Object, java.lang.Object, long)'> (0x000000008badc878) 
thrown [s\open\src\hotspot\share\interpreter\linkResolver.cpp, line 774]
Event: 2.671 Thread 0x00000167ee8416c0 Exception <a 'java/lang/NoSuchMethodError'{0x000000008b906fa0}: 'void java.lang.invoke.Invokers$Holder.invokeExact_MT(java.lang.Object, java.lang.Object, java.lang.Object, java.lang.Object)'> (0x000000008b906fa0) 
thrown [s\open\src\hotspot\share\interpreter\linkResolver.cpp, line 774]
Event: 2.721 Thread 0x00000167ee8416c0 Exception <a 'java/lang/NoSuchMethodError'{0x000000008b61ab60}: 'java.lang.Object java.lang.invoke.DirectMethodHandle$Holder.newInvokeSpecial(java.lang.Object, java.lang.Object, java.lang.Object, java.lang.Object, java.lang.Object, java.lang.Object, java.lang.Object, java.lang.Object, java.lang.Object, java.lang.Object, java.lang.Object)'> (0x000000008b61ab60) 
thrown [s\open\src\hotspot\share\interpreter\linkResolver.cpp, line 774]
Event: 2.760 Thread 0x00000167ee8416c0 Exception <a 'java/lang/NoSuchMethodError'{0x000000008b40b7c8}: 'java.lang.Object java.lang.invoke.DirectMethodHandle$Holder.invokeVirtual(java.lang.Object, java.lang.Object, java.lang.Object, java.lang.Object)'> (0x000000008b40b7c8) 
thrown [s\open\src\hotspot\share\interpreter\linkResolver.cpp, line 774]
Event: 2.775 Thread 0x00000167ee8416c0 Exception <a 'java/lang/NoSuchMethodError'{0x000000008b4de038}: 'java.lang.Object java.lang.invoke.DirectMethodHandle$Holder.invokeVirtual(java.lang.Object, java.lang.Object, java.lang.Object, int)'> (0x000000008b4de038) 
thrown [s\open\src\hotspot\share\interpreter\linkResolver.cpp, line 774]
Event: 2.799 Thread 0x00000167ee8416c0 Exception <a 'java/lang/NoSuchMethodError'{0x000000008f837c18}: 'java.lang.Object java.lang.invoke.DirectMethodHandle$Holder.invokeVirtual(java.lang.Object, java.lang.Object, int)'> (0x000000008f837c18) 
thrown [s\open\src\hotspot\share\interpreter\linkResolver.cpp, line 774]
Event: 2.853 Thread 0x00000167ee8416c0 Exception <a 'java/lang/IncompatibleClassChangeError'{0x000000008f54ffc0}: Found class java.lang.Object, but interface was expected> (0x000000008f54ffc0) 
thrown [s\open\src\hotspot\share\interpreter\linkResolver.cpp, line 841]
Event: 2.905 Thread 0x00000167ee8416c0 Exception <a 'java/lang/NoSuchMethodError'{0x000000008bda9100}: 'int java.lang.invoke.DirectMethodHandle$Holder.invokeStaticInit(java.lang.Object, java.lang.Object, java.lang.Object, java.lang.Object)'> (0x000000008bda9100) 
thrown [s\open\src\hotspot\share\interpreter\linkResolver.cpp, line 774]
Event: 2.980 Thread 0x00000167ee8416c0 Exception <a 'java/lang/NoSuchMethodError'{0x000000008b935290}: 'java.lang.Object java.lang.invoke.DirectMethodHandle$Holder.newInvokeSpecial(java.lang.Object, java.lang.Object, int, java.lang.Object, java.lang.Object)'> (0x000000008b935290) 
thrown [s\open\src\hotspot\share\interpreter\linkResolver.cpp, line 774]
Event: 3.287 Thread 0x00000167ef818090 Exception <a 'java/lang/NoSuchMethodError'{0x000000008b75b2d0}: 'java.lang.Object java.lang.invoke.DirectMethodHandle$Holder.invokeInterface(java.lang.Object, java.lang.Object, java.lang.Object, java.lang.Object, java.lang.Object, java.lang.Object, java.lang.Object)'> (0x000000008b75b2d0) 
thrown [s\open\src\hotspot\share\interpreter\linkResolver.cpp, line 774]
Event: 15.621 Thread 0x00000167ee028f20 Exception <a 'java/lang/NoSuchMethodError'{0x000000009159f260}: 'java.lang.Object java.lang.invoke.DirectMethodHandle$Holder.newInvokeSpecial(java.lang.Object, java.lang.Object, java.lang.Object, java.lang.Object, int)'> (0x000000009159f260) 
thrown [s\open\src\hotspot\share\interpreter\linkResolver.cpp, line 774]
Event: 15.621 Thread 0x00000167ee028f20 Exception <a 'java/lang/NoSuchMethodError'{0x00000000915a3020}: 'java.lang.Object java.lang.invoke.DirectMethodHandle$Holder.invokeSpecial(java.lang.Object, java.lang.Object, java.lang.Object, java.lang.Object, java.lang.Object, int)'> (0x00000000915a3020) 
thrown [s\open\src\hotspot\share\interpreter\linkResolver.cpp, line 774]
Event: 15.621 Thread 0x00000167ee028f20 Exception <a 'java/lang/NoSuchMethodError'{0x00000000915a6688}: 'java.lang.Object java.lang.invoke.Invokers$Holder.linkToTargetMethod(java.lang.Object, java.lang.Object, java.lang.Object, int, java.lang.Object)'> (0x00000000915a6688) 
thrown [s\open\src\hotspot\share\interpreter\linkResolver.cpp, line 774]
Event: 15.654 Thread 0x00000167ef393570 Exception <a 'java/lang/InterruptedException'{0x000000008f827758}: sleep interrupted> (0x000000008f827758) 
thrown [s\open\src\hotspot\share\prims\jvm.cpp, line 3093]

ZGC Phase Switch (0 events):
No events

VM Operations (20 events):
Event: 2.781 Executing VM operation: G1CollectForAllocation (G1 Evacuation Pause) done
Event: 2.836 Executing VM operation: HandshakeAllThreads (Deoptimize)
Event: 2.836 Executing VM operation: HandshakeAllThreads (Deoptimize) done
Event: 2.839 Executing VM operation: HandshakeAllThreads (Deoptimize)
Event: 2.839 Executing VM operation: HandshakeAllThreads (Deoptimize) done
Event: 2.860 Executing VM operation: HandshakeAllThreads (Deoptimize)
Event: 2.860 Executing VM operation: HandshakeAllThreads (Deoptimize) done
Event: 2.863 Executing VM operation: HandshakeAllThreads (Deoptimize)
Event: 2.863 Executing VM operation: HandshakeAllThreads (Deoptimize) done
Event: 2.889 Executing VM operation: HandshakeAllThreads (Deoptimize)
Event: 2.889 Executing VM operation: HandshakeAllThreads (Deoptimize) done
Event: 3.899 Executing VM operation: Cleanup
Event: 3.899 Executing VM operation: Cleanup done
Event: 4.914 Executing VM operation: Cleanup
Event: 4.914 Executing VM operation: Cleanup done
Event: 9.672 Executing VM operation: G1CollectForAllocation (G1 Evacuation Pause)
Event: 9.676 Executing VM operation: G1CollectForAllocation (G1 Evacuation Pause) done
Event: 13.711 Executing VM operation: Cleanup
Event: 13.711 Executing VM operation: Cleanup done
Event: 15.654 Executing VM operation: G1CollectFull (System.gc())

Events (20 events):
Event: 6.548 Thread 0x00000167a82d2e10 Thread exited: 0x00000167a82d2e10
Event: 15.619 Thread 0x00000167ee028f20 Thread added: 0x00000167ee028f20
Event: 15.619 Thread 0x00000167ef393c00 Thread exited: 0x00000167ef393c00
Event: 15.624 Thread 0x00000167ee028890 Thread added: 0x00000167ee028890
Event: 15.640 Thread 0x00000167ef819ad0 Thread exited: 0x00000167ef819ad0
Event: 15.641 Thread 0x00000167ee028890 Thread exited: 0x00000167ee028890
Event: 15.641 Thread 0x00000167ef818db0 Thread exited: 0x00000167ef818db0
Event: 15.642 Thread 0x00000167ef817370 Thread exited: 0x00000167ef817370
Event: 15.642 Thread 0x00000167ef818720 Thread exited: 0x00000167ef818720
Event: 15.642 Thread 0x00000167ef3914a0 Thread exited: 0x00000167ef3914a0
Event: 15.642 Thread 0x00000167ef394290 Thread exited: 0x00000167ef394290
Event: 15.642 Thread 0x00000167ef81a7f0 Thread exited: 0x00000167ef81a7f0
Event: 15.642 Thread 0x00000167ef394920 Thread exited: 0x00000167ef394920
Event: 15.642 Thread 0x00000167ef819440 Thread exited: 0x00000167ef819440
Event: 15.642 Thread 0x00000167ef3921c0 Thread exited: 0x00000167ef3921c0
Event: 15.642 Thread 0x00000167ef391b30 Thread exited: 0x00000167ef391b30
Event: 15.642 Thread 0x00000167ef81a160 Thread exited: 0x00000167ef81a160
Event: 15.654 Thread 0x00000167ef392850 Thread exited: 0x00000167ef392850
Event: 15.654 Thread 0x00000167ef392ee0 Thread exited: 0x00000167ef392ee0
Event: 15.654 Thread 0x00000167ef393570 Thread exited: 0x00000167ef393570


Dynamic libraries:
0x00007ff64b940000 - 0x00007ff64b94e000 	C:\Users\kaush\.jdks\openjdk-22.0.1\bin\java.exe
0x00007fff5c880000 - 0x00007fff5cae8000 	C:\WINDOWS\SYSTEM32\ntdll.dll
0x00007fff5ae50000 - 0x00007fff5af19000 	C:\WINDOWS\System32\KERNEL32.DLL
0x00007fff59ec0000 - 0x00007fff5a2b8000 	C:\WINDOWS\System32\KERNELBASE.dll
0x00007fff59d70000 - 0x00007fff59ebb000 	C:\WINDOWS\System32\ucrtbase.dll
0x00007fff4b490000 - 0x00007fff4b4ab000 	C:\Users\kaush\.jdks\openjdk-22.0.1\bin\VCRUNTIME140.dll
0x00007fff4b530000 - 0x00007fff4b547000 	C:\Users\kaush\.jdks\openjdk-22.0.1\bin\jli.dll
0x00007fff5ac80000 - 0x00007fff5ae47000 	C:\WINDOWS\System32\USER32.dll
0x00007fff59b50000 - 0x00007fff59b77000 	C:\WINDOWS\System32\win32u.dll
0x00007fff49e50000 - 0x00007fff4a0e4000 	C:\WINDOWS\WinSxS\amd64_microsoft.windows.common-controls_6595b64144ccf1df_6.0.26100.7019_none_3e06ffa0e335b8a8\COMCTL32.dll
0x00007fff5a940000 - 0x00007fff5a96b000 	C:\WINDOWS\System32\GDI32.dll
0x00007fff5a4f0000 - 0x00007fff5a61c000 	C:\WINDOWS\System32\gdi32full.dll
0x00007fff5a810000 - 0x00007fff5a8b9000 	C:\WINDOWS\System32\msvcrt.dll
0x00007fff59b80000 - 0x00007fff59c23000 	C:\WINDOWS\System32\msvcp_win.dll
0x00007fff5b8a0000 - 0x00007fff5b8d1000 	C:\WINDOWS\System32\IMM32.DLL
0x00007fff4b5b0000 - 0x00007fff4b5bc000 	C:\Users\kaush\.jdks\openjdk-22.0.1\bin\vcruntime140_1.dll
0x00007fff262f0000 - 0x00007fff2637e000 	C:\Users\kaush\.jdks\openjdk-22.0.1\bin\msvcp140.dll
0x00007ffeef850000 - 0x00007ffef0597000 	C:\Users\kaush\.jdks\openjdk-22.0.1\bin\server\jvm.dll
0x00007fff5a730000 - 0x00007fff5a7e4000 	C:\WINDOWS\System32\ADVAPI32.dll
0x00007fff5b8e0000 - 0x00007fff5b986000 	C:\WINDOWS\System32\sechost.dll
0x00007fff5b4c0000 - 0x00007fff5b5d8000 	C:\WINDOWS\System32\RPCRT4.dll
0x00007fff5a620000 - 0x00007fff5a694000 	C:\WINDOWS\System32\WS2_32.dll
0x00007fff59830000 - 0x00007fff5988e000 	C:\WINDOWS\SYSTEM32\POWRPROF.dll
0x00007fff53410000 - 0x00007fff5341b000 	C:\WINDOWS\SYSTEM32\VERSION.dll
0x00007fff4ec60000 - 0x00007fff4ec95000 	C:\WINDOWS\SYSTEM32\WINMM.dll
0x00007fff59810000 - 0x00007fff59824000 	C:\WINDOWS\SYSTEM32\UMPDC.dll
0x00007fff58770000 - 0x00007fff5878b000 	C:\WINDOWS\SYSTEM32\kernel.appcore.dll
0x00007fff4b480000 - 0x00007fff4b48a000 	C:\Users\kaush\.jdks\openjdk-22.0.1\bin\jimage.dll
0x00007fff56e00000 - 0x00007fff57042000 	C:\WINDOWS\SYSTEM32\DBGHELP.DLL
0x00007fff5c4b0000 - 0x00007fff5c83b000 	C:\WINDOWS\System32\combase.dll
0x00007fff5b3e0000 - 0x00007fff5b4b7000 	C:\WINDOWS\System32\OLEAUT32.dll
0x00007fff48bd0000 - 0x00007fff48c0c000 	C:\WINDOWS\SYSTEM32\dbgcore.DLL
0x00007fff59cc0000 - 0x00007fff59d65000 	C:\WINDOWS\System32\bcryptPrimitives.dll
0x00007fff3f630000 - 0x00007fff3f63f000 	C:\Users\kaush\.jdks\openjdk-22.0.1\bin\instrument.dll
0x00007fff4b2b0000 - 0x00007fff4b2ce000 	C:\Users\kaush\.jdks\openjdk-22.0.1\bin\java.dll
0x00007fff5bb50000 - 0x00007fff5c29f000 	C:\WINDOWS\System32\SHELL32.dll
0x00007fff5a380000 - 0x00007fff5a4eb000 	C:\WINDOWS\System32\wintypes.dll
0x00007fff5a970000 - 0x00007fff5ab07000 	C:\WINDOWS\System32\ole32.dll
0x00007fff575d0000 - 0x00007fff57e2d000 	C:\WINDOWS\SYSTEM32\windows.storage.dll
0x00007fff5b6e0000 - 0x00007fff5b7d2000 	C:\WINDOWS\System32\SHCORE.dll
0x00007fff5ba60000 - 0x00007fff5bac7000 	C:\WINDOWS\System32\shlwapi.dll
0x00007fff598f0000 - 0x00007fff59919000 	C:\WINDOWS\SYSTEM32\profapi.dll
0x00007fff40590000 - 0x00007fff405a7000 	C:\Users\kaush\.jdks\openjdk-22.0.1\bin\zip.dll
0x00007fff4b2a0000 - 0x00007fff4b2b0000 	C:\Users\kaush\.jdks\openjdk-22.0.1\bin\net.dll
0x00007fff58d00000 - 0x00007fff58d6b000 	C:\WINDOWS\system32\mswsock.dll
0x00007fff4b280000 - 0x00007fff4b296000 	C:\Users\kaush\.jdks\openjdk-22.0.1\bin\nio.dll
0x00007fff4b270000 - 0x00007fff4b279000 	C:\Users\kaush\.jdks\openjdk-22.0.1\bin\extnet.dll
0x00007fff581e0000 - 0x00007fff5830c000 	C:\WINDOWS\SYSTEM32\DNSAPI.dll
0x00007fff58150000 - 0x00007fff58184000 	C:\WINDOWS\SYSTEM32\IPHLPAPI.DLL
0x00007fff5c4a0000 - 0x00007fff5c4aa000 	C:\WINDOWS\System32\NSI.dll
0x00007fff4e330000 - 0x00007fff4e33b000 	C:\Windows\System32\rasadhlp.dll
0x00007fff517c0000 - 0x00007fff51846000 	C:\WINDOWS\System32\fwpuclnt.dll
0x00007fff3f600000 - 0x00007fff3f60a000 	C:\Users\kaush\.jdks\openjdk-22.0.1\bin\management.dll
0x00007fff3f510000 - 0x00007fff3f51b000 	C:\Users\kaush\.jdks\openjdk-22.0.1\bin\management_ext.dll
0x00007fff5ba50000 - 0x00007fff5ba58000 	C:\WINDOWS\System32\PSAPI.DLL
0x00007fff58fc0000 - 0x00007fff58fdb000 	C:\WINDOWS\SYSTEM32\CRYPTSP.dll
0x00007fff586d0000 - 0x00007fff5870a000 	C:\WINDOWS\system32\rsaenh.dll
0x00007fff58db0000 - 0x00007fff58ddb000 	C:\WINDOWS\SYSTEM32\USERENV.dll
0x00007fff598c0000 - 0x00007fff598ea000 	C:\WINDOWS\SYSTEM32\bcrypt.dll
0x00007fff58fe0000 - 0x00007fff58fec000 	C:\WINDOWS\SYSTEM32\CRYPTBASE.dll
0x00007fff29c10000 - 0x00007fff29c28000 	C:\WINDOWS\system32\napinsp.dll
0x00007fff29780000 - 0x00007fff29792000 	C:\WINDOWS\System32\winrnr.dll
0x00007fff29720000 - 0x00007fff29742000 	C:\WINDOWS\system32\nlansp_c.dll
0x00007fff30330000 - 0x00007fff30346000 	C:\WINDOWS\system32\wshbth.dll
0x00007fff44270000 - 0x00007fff442c6000 	C:\WINDOWS\SYSTEM32\pdh.dll
0x00007fff3ec50000 - 0x00007fff3ec62000 	C:\WINDOWS\System32\perfproc.dll
0x00007fff3e810000 - 0x00007fff3e821000 	C:\WINDOWS\System32\perfos.dll
0x00007fff55d40000 - 0x00007fff55d52000 	C:\WINDOWS\SYSTEM32\pfclient.dll
0x00007fff3f500000 - 0x00007fff3f50b000 	C:\Users\kaush\.jdks\openjdk-22.0.1\bin\le.dll
0x00007fff3f620000 - 0x00007fff3f62e000 	C:\Users\kaush\.jdks\openjdk-22.0.1\bin\sunmscapi.dll
0x00007fff599d0000 - 0x00007fff59b47000 	C:\WINDOWS\System32\CRYPT32.dll
0x00007fff591e0000 - 0x00007fff59210000 	C:\WINDOWS\SYSTEM32\ncrypt.dll
0x00007fff59190000 - 0x00007fff591cf000 	C:\WINDOWS\SYSTEM32\NTASN1.dll
0x00007ffee73c0000 - 0x00007ffee73c8000 	C:\WINDOWS\system32\wshunix.dll

dbghelp: loaded successfully - version: 4.0.5 - missing functions: none
symbol engine: initialized successfully - sym options: 0x614 - pdb path: .;C:\Users\kaush\.jdks\openjdk-22.0.1\bin;C:\WINDOWS\SYSTEM32;C:\WINDOWS\WinSxS\amd64_microsoft.windows.common-controls_6595b64144ccf1df_6.0.26100.7019_none_3e06ffa0e335b8a8;C:\Users\kaush\.jdks\openjdk-22.0.1\bin\server

VM Arguments:
jvm_args: -XX:TieredStopAtLevel=1 -Dspring.output.ansi.enabled=always -Dcom.sun.management.jmxremote -Dspring.jmx.enabled=true -Dspring.liveBeansView.mbeanDomain -Dspring.application.admin.enabled=true -Dmanagement.endpoints.jmx.exposure.include=* -javaagent:C:\Program Files\JetBrains\IntelliJ IDEA 2025.2.5\lib\idea_rt.jar=53994 -Dfile.encoding=UTF-8 -Dsun.stdout.encoding=UTF-8 -Dsun.stderr.encoding=UTF-8 
java_command: com.backendlld.productservice.ProductServiceApplication
java_class_path (initial): C:\Users\kaush\IdeaProjects\ProductService\target\classes;C:\Users\kaush\.m2\repository\org\springframework\boot\spring-boot-starter-webmvc\4.0.0\spring-boot-starter-webmvc-4.0.0.jar;C:\Users\kaush\.m2\repository\org\springframework\boot\spring-boot-starter\4.0.0\spring-boot-starter-4.0.0.jar;C:\Users\kaush\.m2\repository\org\springframework\boot\spring-boot-starter-logging\4.0.0\spring-boot-starter-logging-4.0.0.jar;C:\Users\kaush\.m2\repository\ch\qos\logback\logback-classic\1.5.21\logback-classic-1.5.21.jar;C:\Users\kaush\.m2\repository\ch\qos\logback\logback-core\1.5.21\logback-core-1.5.21.jar;C:\Users\kaush\.m2\repository\org\apache\logging\log4j\log4j-to-slf4j\2.25.2\log4j-to-slf4j-2.25.2.jar;C:\Users\kaush\.m2\repository\org\apache\logging\log4j\log4j-api\2.25.2\log4j-api-2.25.2.jar;C:\Users\kaush\.m2\repository\org\slf4j\jul-to-slf4j\2.0.17\jul-to-slf4j-2.0.17.jar;C:\Users\kaush\.m2\repository\jakarta\annotation\jakarta.annotation-api\3.0.0\jakarta.annotation-api-3.0.0.jar;C:\Users\kaush\.m2\repository\org\yaml\snakeyaml\2.5\snakeyaml-2.5.jar;C:\Users\kaush\.m2\repository\org\springframework\boot\spring-boot-starter-jackson\4.0.0\spring-boot-starter-jackson-4.0.0.jar;C:\Users\kaush\.m2\repository\org\springframework\boot\spring-boot-jackson\4.0.0\spring-boot-jackson-4.0.0.jar;C:\Users\kaush\.m2\repository\tools\jackson\core\jackson-databind\3.0.2\jackson-databind-3.0.2.jar;C:\Users\kaush\.m2\repository\com\fasterxml\jackson\core\jackson-annotations\2.20\jackson-annotations-2.20.jar;C:\Users\kaush\.m2\repository\tools\jackson\core\jackson-core\3.0.2\jackson-core-3.0.2.jar;C:\Users\kaush\.m2\repository\org\springframework\boot\spring-boot-starter-tomcat\4.0.0\spring-boot-starter-tomcat-4.0.0.jar;C:\Users\kaush\.m2\repository\org\springframework\boot\spring-boot-starter-tomcat-runtime\4.0.0\spring-boot-starter-tomcat-runtime-4.0.0.jar;C:\Users\kaush\.m2\repository\org\apache\tomcat\embed\tomcat-embed-core\11.0.14\tomcat-embed-core-11.0.14.jar;C:\Users\kaush\.m2\repository\org\apache\tomcat\embed\tomcat-embed-el\11.0.14\tomcat-embed-el-11.0.14.jar;C:\Users\kaush\.m2\repository\org\apache\tomcat\embed\tomcat-embed-websocket\11.0.14\tomcat-embed-websocket-11.0.14.jar;C:\Users\kaush\.m2\repository\org\springframework\boot\spring-boot-tomcat\4.0.0\spring-boot-tomcat-4.0.0.jar;C:\Users\kaush\.m2\repository\org\springframework\boot\spring-boot-http-converter\4.0.0\spring-boot-http-converter-4.0.0.jar;C:\Users\kaush\.m2\repository\org\springframework\spring-web\7.0.1\spring-web-7.0.1.jar;C:\Users\kaush\.m2\repository\org\springframework\spring-beans\7.0.1\spring-beans-7.0.1.jar;C:\Users\kaush\.m2\repository\io\micrometer\micrometer-observation\1.16.0\micrometer-observation-1.16.0.jar;C:\Users\kaush\.m2\repository\io\micrometer\micrometer-commons\1.16.0\micrometer-commons-1.16.0.jar;C:\Users\kaush\.m2\repository\org\springframework\boot\spring-boot-webmvc\4.0.0\spring-boot-webmvc-4.0.0.jar;C:\Users\kaush\.m2\repository\org\springframework\boot\spring-boot-servlet\4.0.0\spring-boot-servlet-4.0.0.jar;C:\Users\kaush\.m2\repository\org\springframework\spring-webmvc\7.0.1\spring-webmvc-7.0.1.jar;C:\Users\kaush\.m2\repository\org\springframework\spring-aop\7.0.1\spring-aop-7.0.1.jar;C:\Users\kaush\.m2\repository\org\springframework\spring-expression\7.0.1\spring-expression-7.0.1.jar;C:\Users\kaush\.m2\repository\org\springframework\boot\spring-boot-devtools\4.0.0\spring-boot-devtools-4.0.0.jar;C:\Users\kaush\.m2\repository\org\springframework\boot\spring-boot\4.0.0\spring-boot-4.0.0.jar;C:\Users\kaush\.m2\repository\org\springframework\spring-core\7.0.1\spring-core-7.0.1.jar;C:\Users\kaush\.m2\repository\commons-logging\commons-logging\1.3.5\commons-logging-1.3.5.jar;C:\Users\kaush\.m2\repository\org\jspecify\jspecify\1.0.0\jspecify-1.0.0.jar;C:\Users\kaush\.m2\repository\org\springframework\spring-context\7.0.1\spring-context-7.0.1.jar;C:\Users\kaush\.m2\repository\org\springframework\boot\spring-boot-autoconfigure\4.0.0\spring-boot-autoconfigure-4.0.0.jar;C:\Users\kaush\.m2\repository\org\projectlombok\lombok\1.18.42\lombok-1.18.42.jar;C:\Users\kaush\.m2\repository\org\slf4j\slf4j-api\2.0.17\slf4j-api-2.0.17.jar;C:\Users\kaush\.m2\repository\org\springframework\boot\spring-boot-web-server\4.0.0\spring-boot-web-server-4.0.0.jar
Launcher Type: SUN_STANDARD

[Global flags]
     intx CICompilerCount                          = 4                                         {product} {ergonomic}
     uint ConcGCThreads                            = 3                                         {product} {ergonomic}
     uint G1ConcRefinementThreads                  = 10                                        {product} {ergonomic}
   size_t G1HeapRegionSize                         = 1048576                                   {product} {ergonomic}
   size_t InitialHeapSize                          = 123731968                                 {product} {ergonomic}
     bool ManagementServer                         = true                                      {product} {command line}
   size_t MarkStackSize                            = 4194304                                   {product} {ergonomic}
   size_t MaxHeapSize                              = 1979711488                                {product} {ergonomic}
   size_t MaxNewSize                               = 1186988032                                {product} {ergonomic}
   size_t MinHeapDeltaBytes                        = 1048576                                   {product} {ergonomic}
   size_t MinHeapSize                              = 8388608                                   {product} {ergonomic}
    uintx NonNMethodCodeHeapSize                   = 4096                                   {pd product} {ergonomic}
    uintx NonProfiledCodeHeapSize                  = 0                                      {pd product} {ergonomic}
     bool ProfileInterpreter                       = false                                  {pd product} {command line}
    uintx ProfiledCodeHeapSize                     = 0                                      {pd product} {ergonomic}
   size_t SoftMaxHeapSize                          = 1979711488                             {manageable} {ergonomic}
     intx TieredStopAtLevel                        = 1                                         {product} {command line}
     bool UseCompressedOops                        = true                           {product lp64_product} {ergonomic}
     bool UseG1GC                                  = true                                      {product} {ergonomic}
     bool UseLargePagesIndividualAllocation        = false                                  {pd product} {ergonomic}

Logging:
Log output configuration:
 #0: stdout all=warning uptime,level,tags foldmultilines=false
 #1: stderr all=off uptime,level,tags foldmultilines=false

Environment Variables:
CLASSPATH=E:\SERVERS & JARS\jdbc\mysql-connector-java-8.0.28.jar;.;
PATH=C:\oraclexe\app\oracle\product\11.2.0\server\bin;C:\Program Files\Common Files\Oracle\Java\javapath;C:\Windows\system32;C:\Windows;C:\Windows\System32\Wbem;C:\Windows\System32\WindowsPowerShell\v1.0\;C:\Windows\System32\OpenSSH\;C:\Program Files (x86)\NVIDIA Corporation\PhysX\Common;C:\Program Files\NVIDIA Corporation\NVIDIA NvDLISR;C:\MinGW\bin;%QUARTUS_ROOTDIR%\bin;C:\WINDOWS\system32;C:\WINDOWS;C:\WINDOWS\System32\Wbem;C:\WINDOWS\System32\WindowsPowerShell\v1.0\;C:\WINDOWS\System32\OpenSSH\;C:\Program Files\nodejs\;C:\Program Files\MySQL\MySQL Server 8.0\bin;C:\Program Files\Java\jdk-17.0.2\bin;C:\Program Files\Git\cmd;C:\Program Files\MySQL\MySQL Shell 8.0\bin\;C:\Users\kaush\AppData\Local\Microsoft\WindowsApps;C:\Users\kaush\AppData\Local\Programs\Microsoft VS Code\bin;C:\Program Files\JetBrains\IntelliJ IDEA Community Edition 2024.1.1\bin;C:\Users\kaush\AppData\Roaming\npm;C:\Program Files\Java\jdk-17.0.2\bin;C:\Program Files\JetBrains\IntelliJ IDEA 2025.1.1.1\bin;C:\Users\kaush\AppData\Local\JetBrains\Toolbox\scripts;C:\Program Files\JetBrains\IntelliJ IDEA 2025.2.5\bin
USERNAME=kaush
OS=Windows_NT
PROCESSOR_IDENTIFIER=AMD64 Family 23 Model 96 Stepping 1, AuthenticAMD
TMP=C:\Users\kaush\AppData\Local\Temp
TEMP=C:\Users\kaush\AppData\Local\Temp




Periodic native trim disabled

---------------  S Y S T E M  ---------------

OS:
 Windows 11 , 64 bit Build 26100 (10.0.26100.7019)
OS uptime: 0 days 0:36 hours
Hyper-V role detected

CPU: total 12 (initial active 12) (12 cores per cpu, 2 threads per core) family 23 model 96 stepping 1 microcode 0x8600106, cx8, cmov, fxsr, ht, mmx, 3dnowpref, sse, sse2, sse3, ssse3, sse4a, sse4.1, sse4.2, popcnt, lzcnt, tsc, tscinvbit, avx, avx2, aes, clmul, bmi1, bmi2, adx, sha, fma, vzeroupper, clflush, clflushopt, hv, rdtscp, rdpid, f16c
Processor Information for all 12 processors :
  Max Mhz: 3000, Current Mhz: 3000, Mhz Limit: 3000

Memory: 4k page, system-wide physical 7549M (717M free)
TotalPageFile size 9597M (AvailPageFile size 10M)
current process WorkingSet (physical memory assigned to process): 140M, peak: 141M
current process commit charge ("private bytes"): 198M, peak: 246M

vm_info: OpenJDK 64-Bit Server VM (22.0.1+8-16) for windows-amd64 JRE (22.0.1+8-16), built on 2024-03-12T10:33:16Z by "mach5one" with MS VC++ 17.6 (VS2022)

END.
